C:\Program Files\Microsoft Visual Studio\2022\Community\MSBuild\Microsoft\VC\v170\Microsoft.CppBuild.targets(517,5): warning MSB8004: Output 디렉터리가 슬래시로 끝나지 않습니다. Output 디렉터리의 적절한 평가를 허용하는 데 필요하므로 이 빌드 인스턴스에서 슬래시를 추가합니다.
  unity_OVNL7M2TKGMR5FSR.cpp
E:\Github\WinApi\API\Global.h(24,28): warning C4244: '초기화 중': 'int'에서 'float'(으)로 변환하면서 데이터가 손실될 수 있습니다.
  (소스 파일 'API/x64/Debug/unity_OVNL7M2TKGMR5FSR.cpp'을(를) 컴파일하는 중)
  
E:\Github\WinApi\API\Global.h(24,35): warning C4244: '초기화 중': 'int'에서 'float'(으)로 변환하면서 데이터가 손실될 수 있습니다.
  (소스 파일 'API/x64/Debug/unity_OVNL7M2TKGMR5FSR.cpp'을(를) 컴파일하는 중)
  
E:\Github\WinApi\API\Animation.cpp(28,20): warning C4018: '<': signed 또는 unsigned가 일치하지 않습니다.
  (소스 파일 'API/x64/Debug/unity_OVNL7M2TKGMR5FSR.cpp'을(를) 컴파일하는 중)
  
E:\Github\WinApi\API\Collider.cpp(19,26): warning C4244: '인수': 'float'에서 'int'(으)로 변환하면서 데이터가 손실될 수 있습니다.
  (소스 파일 'API/x64/Debug/unity_OVNL7M2TKGMR5FSR.cpp'을(를) 컴파일하는 중)
  
E:\Github\WinApi\API\Collider.cpp(18,26): warning C4244: '인수': 'float'에서 'int'(으)로 변환하면서 데이터가 손실될 수 있습니다.
  (소스 파일 'API/x64/Debug/unity_OVNL7M2TKGMR5FSR.cpp'을(를) 컴파일하는 중)
  
E:\Github\WinApi\API\Collider.cpp(17,26): warning C4244: '인수': 'float'에서 'int'(으)로 변환하면서 데이터가 손실될 수 있습니다.
  (소스 파일 'API/x64/Debug/unity_OVNL7M2TKGMR5FSR.cpp'을(를) 컴파일하는 중)
  
E:\Github\WinApi\API\Collider.cpp(16,35): warning C4244: '인수': 'float'에서 'int'(으)로 변환하면서 데이터가 손실될 수 있습니다.
  (소스 파일 'API/x64/Debug/unity_OVNL7M2TKGMR5FSR.cpp'을(를) 컴파일하는 중)
  
E:\Github\WinApi\API\CTexture.cpp(38,8): warning C4553: '==': 식의 결과가 사용되지 않습니다. '='을(를) 의도했습니까?
  (소스 파일 'API/x64/Debug/unity_OVNL7M2TKGMR5FSR.cpp'을(를) 컴파일하는 중)
  
E:\Github\WinApi\API\KeyManager.cpp(100,26): warning C4553: '==': 식의 결과가 사용되지 않습니다. '='을(를) 의도했습니까?
  (소스 파일 'API/x64/Debug/unity_OVNL7M2TKGMR5FSR.cpp'을(를) 컴파일하는 중)
  
E:\Github\WinApi\API\PathManager.cpp(9,10): warning C4267: '초기화 중': 'size_t'에서 'int'(으)로 변환하면서 데이터가 손실될 수 있습니다.
  (소스 파일 'API/x64/Debug/unity_OVNL7M2TKGMR5FSR.cpp'을(를) 컴파일하는 중)
  
E:\Github\WinApi\API\Global.h(37,1): warning C4172: 지역 변수 또는 임시: vec의 주소를 반환하고 있습니다.
  API.vcxproj -> E:\Github\WinApi\API\Output\bin_debug\API.exe
