e:\github\winapi\api\api\x64\debug\vc143.pdb
e:\github\winapi\api\api\x64\debug\vc143.idb
e:\github\winapi\api\api\x64\debug\keymanager.obj
e:\github\winapi\api\api\x64\debug\ctime.obj
e:\github\winapi\api\api\x64\debug\cobject.obj
e:\github\winapi\api\api\x64\debug\ccore.obj
e:\github\winapi\api\api\x64\debug\api.obj
e:\github\winapi\api\api\x64\debug\api.res
e:\github\winapi\api\x64\debug\api.exe
e:\github\winapi\api\x64\debug\api.pdb
e:\github\winapi\api\api\x64\debug\api.ilk
e:\github\winapi\api\x64\debug\api.ilk
e:\github\winapi\api\api\x64\debug\api.tlog\cl.read.1.tlog
e:\github\winapi\api\api\x64\debug\api.tlog\cl.write.1.tlog
e:\github\winapi\api\api\x64\debug\api.tlog\cl.command.1.tlog
e:\github\winapi\api\api\x64\debug\api.tlog\rc.read.1.tlog
e:\github\winapi\api\api\x64\debug\api.tlog\rc.write.1.tlog
e:\github\winapi\api\api\x64\debug\api.tlog\rc.command.1.tlog
e:\github\winapi\api\api\x64\debug\api.tlog\link.read.3.tlog
e:\github\winapi\api\api\x64\debug\api.tlog\link.write.1.tlog
e:\github\winapi\api\api\x64\debug\api.tlog\link.secondary.1.tlog
e:\github\winapi\api\api\x64\debug\api.tlog\link.command.1.tlog
e:\github\winapi\api\api\x64\debug\api.tlog\cl.items.tlog
