  API.cpp
E:\Github\WinApi\API\Global.h(14,28): warning C4244: '초기화 중': 'int'에서 'float'(으)로 변환하면서 데이터가 손실될 수 있습니다.
  (소스 파일 'API.cpp'을(를) 컴파일하는 중)
  
E:\Github\WinApi\API\Global.h(14,35): warning C4244: '초기화 중': 'int'에서 'float'(으)로 변환하면서 데이터가 손실될 수 있습니다.
  (소스 파일 'API.cpp'을(를) 컴파일하는 중)
  
  CCore.cpp
E:\Github\WinApi\API\Global.h(14,28): warning C4244: '초기화 중': 'int'에서 'float'(으)로 변환하면서 데이터가 손실될 수 있습니다.
  (소스 파일 'CCore.cpp'을(를) 컴파일하는 중)
  
E:\Github\WinApi\API\Global.h(14,35): warning C4244: '초기화 중': 'int'에서 'float'(으)로 변환하면서 데이터가 손실될 수 있습니다.
  (소스 파일 'CCore.cpp'을(를) 컴파일하는 중)
  
  CObject.cpp
E:\Github\WinApi\API\Global.h(14,28): warning C4244: '초기화 중': 'int'에서 'float'(으)로 변환하면서 데이터가 손실될 수 있습니다.
  (소스 파일 'CObject.cpp'을(를) 컴파일하는 중)
  
E:\Github\WinApi\API\Global.h(14,35): warning C4244: '초기화 중': 'int'에서 'float'(으)로 변환하면서 데이터가 손실될 수 있습니다.
  (소스 파일 'CObject.cpp'을(를) 컴파일하는 중)
  
  CTime.cpp
E:\Github\WinApi\API\Global.h(14,28): warning C4244: '초기화 중': 'int'에서 'float'(으)로 변환하면서 데이터가 손실될 수 있습니다.
  (소스 파일 'CTime.cpp'을(를) 컴파일하는 중)
  
E:\Github\WinApi\API\Global.h(14,35): warning C4244: '초기화 중': 'int'에서 'float'(으)로 변환하면서 데이터가 손실될 수 있습니다.
  (소스 파일 'CTime.cpp'을(를) 컴파일하는 중)
  
  KeyManager.cpp
E:\Github\WinApi\API\Global.h(14,28): warning C4244: '초기화 중': 'int'에서 'float'(으)로 변환하면서 데이터가 손실될 수 있습니다.
  (소스 파일 'KeyManager.cpp'을(를) 컴파일하는 중)
  
E:\Github\WinApi\API\Global.h(14,35): warning C4244: '초기화 중': 'int'에서 'float'(으)로 변환하면서 데이터가 손실될 수 있습니다.
  (소스 파일 'KeyManager.cpp'을(를) 컴파일하는 중)
  
  코드를 생성하고 있습니다...
  LINK : E:\Github\WinApi\API\Debug\API.exe을(를) 찾을 수 없거나 마지막 증분 링크에 의해 빌드되지 않았습니다. 전체 링크를 수행하고 있습니다.
  API.vcxproj -> E:\Github\WinApi\API\Debug\API.exe
